[RUN #0 5 5]





[RUN #1 5 5]
-211 17 -676 -242 631
794 -577 -796 -328 316
-40 -551 -993 10 790
183 671 231 336 206
610 -990 121 -653 -487
[RUN #2 100 5]
769 159 -732 -81 -111 -249 773 250 921 -322 -351 0 -446 -768 506 -568 529 320 661 -521 97 751 901 429 -839 -817 -846 616 -497 25 532 827 -641 -189 208 355 -582 485 -956 -936 -529 -512 267 153 -448 -456 -358 -313 22 -969 553 -710 -755 735 -895 301 197 -247 -297 -69 -720 -850 -128 330 678 -696 -217 -806 -861 -766 -619 -191 -108 -503 961 133 -991 -912 995 -413 495 -551 -832 210 -804 194 -172 647 -648 -986 397 626 18 808 -429 -223 -884 969 -958 -168
-556 404 219 -204 763 590 961 -766 162 37 -110 38 -370 756 95 864 671 -734 930 279 632 410 -583 -216 249 595 -21 917 522 388 91 833 79 957 -338 -803 507 363 -850 625 -154 -855 394 442 -892 -34 766 -448 755 -188 -274 911 -891 12 973 -395 774 634 -290 -591 508 -544 144 -804 -128 -602 835 -302 723 570 -298 -314 341 -981 -957 -976 349 510 692 586 67 98 -872 -310 -474 -56 -181 -122 -323 307 464 70 -337 -887 228 287 561 487 330 -449
721 -564 -447 -503 -257 -919 704 -618 -177 665 -807 -825 -865 -321 -760 -847 -252 791 224 -89 -98 -705 44 -889 -253 -57 -348 -119 -250 117 -199 -87 -970 585 -170 871 514 802 59 17 -762 401 926 737 -707 -894 -315 169 -999 712 588 -240 -452 -9 -150 -843 36 -202 40 -597 -464 -140 -663 -204 4 497 385 279 71 900 673 -689 -963 544 -117 -981 705 612 -780 -143 -599 -622 838 84 -574 -871 352 808 719 116 -345 630 231 402 642 -228 519 -19 -962 854
64 -733 731 -870 379 -242 -118 729 -78 -387 -685 -503 -458 838 435 406 872 958 916 937 19 -344 614 -858 171 339 943 -420 -993 545 316 -879 -352 959 431 890 -318 270 837 -327 902 -660 -213 -618 -441 609 -701 534 190 -916 560 651 334 889 727 50 687 -762 -440 850 -473 973 732 272 -206 -947 -853 211 -435 769 134 230 -204 80 927 -248 854 359 -374 452 -969 25 844 392 903 -16 -536 -892 -472 847 -861 -201 388 -365 81 -593 -326 -46 551 491
-56 111 40 -542 965 -798 364 465 -740 948 -801 645 764 -930 251 -657 -749 -216 660 19 75 -38 -665 427 756 477 12 -479 799 -979 337 673 -196 -77 -516 452 151 -130 791 848 -469 589 -877 -769 -55 327 724 -21 -585 -581 -694 -588 958 -572 -744 773 -982 -443 -711 -977 -264 604 572 -902 268 421 -118 -573 786 48 -201 -710 -564 -780 100 -925 405 -71 978 -696 35 932 -630 672 -288 -351 63 -220 371 555 -697 228 496 669 -415 -72 302 -22 813 -653
[RUN #3 90 5]
110 -806 485 -316 34 296 -683 865 -803 -431 930 -615 -849 -6 -674 627 -390 55 -81 -260 -303 697 462 -278 -504 665 520 -220 420 59 -369 -345 -462 929 -670 127 847 50 -433 -852 211 899 -928 333 391 910 -268 214 -962 -648 408 506 -403 35 -121 693 828 582 -453 -288 713 -587 180 675 776 -61 428 -451 -959 491 390 360 10 -291 -315 993 939 -398 -407 -726 -692 -24 122 -867 -561 86 855 502 900 -757
625 595 -926 -529 950 53 -279 525 -147 7 -428 421 -199 -798 140 183 70 899 -20 -453 964 -756 -823 -896 415 -185 272 476 873 210 -651 710 643 -870 -271 -878 361 -599 752 685 895 -808 545 430 114 174 852 -341 10 154 -843 -451 905 -232 -790 -87 -337 -495 961 -221 556 -592 374 -506 209 547 -22 -217 -448 937 972 425 761 507 -130 -600 -301 -28 422 -917 888 91 213 832 -352 -54 402 -433 268 495
679 112 959 -573 206 448 -793 987 396 445 871 648 -605 -51 -769 240 393 898 534 877 840 306 20 771 -71 657 -318 -847 -776 -102 539 -91 -216 -724 621 635 -414 -967 368 -936 -317 198 -316 47 974 174 -600 76 792 -300 -836 290 -687 115 -43 694 -926 708 -590 -463 -240 503 -53 -336 -456 529 666 674 764 -674 -48 148 -760 881 -670 -913 -254 960 -631 718 184 524 -520 -563 -415 504 61 -648 -891 -210
354 -709 805 -605 344 -486 634 216 280 861 -783 111 -569 667 -903 803 148 -438 -417 530 932 372 -466 783 962 -232 365 -320 802 -151 159 -981 671 -184 977 -97 -727 125 -154 -249 -833 884 -445 -80 -895 363 570 689 58 966 685 585 -677 695 -843 -714 948 448 69 330 -318 540 562 464 -742 -132 775 -366 517 -414 -129 -399 575 298 501 157 30 784 332 -507 -375 291 -860 970 541 601 -726 -858 -707 504
20 68 426 -825 -683 88 -732 -101 -291 41 -711 -836 -269 -332 -82 496 -880 695 -315 551 616 -663 727 -194 -67 -506 488 -473 581 993 -710 766 -446 -116 -935 -817 -302 -729 639 256 540 -313 606 -631 457 76 -140 -537 702 -179 -209 723 -553 -971 113 -830 -653 171 732 -445 -441 -8 -699 473 648 -989 708 -229 -496 7 -558 93 310 379 903 899 629 -885 -681 -624 366 635 332 -196 315 147 570 -23 781 282
[RUN #4 100 100]
133 -552 610 381 -348 -396 -179 788 539 -478 267 -300 671 -962 463 791 490 -947 -107 -901 502 703 370 -980 -548 748 -362 454 517 -167 -442 -847 -307 -13 140 428 -124 -111 -186 -910 797 -774 590 -195 -97 282 889 483 -621 -159 556 -953 242 -733 -132 707 -985 500 -295 -781 -524 471 243 819 929 475 -235 -772 775 -73 -160 322 375 976 -577 -936 -779 -660 169 388 -776 362 336 441 -152 349 586 -470 -315 32 -20 647 -700 318 921 -567 296 516 -532 -423
368 -629 -438 857 791 -281 814 907 -745 -684 -522 848 504 477 -402 105 -86 934 -185 -400 811 375 -769 84 -21 893 -894 253 317 928 181 -417 643 261 -887 737 496 -100 6 644 887 -559 -24 751 -36 695 -126 -529 344 249 -551 640 -716 -135 100 -618 -939 -877 544 -87 -942 -560 974 340 412 -449 -467 682 -341 -383 969 71 -98 -164 671 658 -880 -599 782 854 -948 308 -608 -147 -287 -686 213 -181 168 -209 691 950 -587 -435 -541 299 938 -984 -228 -860
-524 601 490 -602 -641 150 15 826 508 -9 690 388 -739 -798 206 -939 428 941 692 769 -510 -799 -100 -867 989 609 647 -420 -675 -267 729 -219 564 -48 644 -435 -715 923 757 -146 -806 -68 899 -336 403 77 315 -456 10 285 417 58 962 42 80 19 -586 312 18 966 30 -534 -884 -360 705 54 -551 903 591 -998 -936 588 533 353 707 -634 930 -294 365 -600 929 200 164 -129 -886 -885 -174 -663 935 -721 -57 -713 -908 282 -163 -405 -625 -673 -439 70
310 -268 -126 27 -941 -115 10 750 -649 -87 -828 -837 -707 -841 -338 -31 -510 -135 -864 -553 -603 -47 -544 -207 -985 472 -838 406 867 528 919 -691 -133 -695 803 561 -991 421 -389 -13 212 779 -216 206 886 -564 184 674 -281 810 904 -520 -296 -262 131 -961 738 -218 -534 690 -679 -972 729 -666 -764 78 629 111 189 -682 479 -284 -726 -753 897 695 -617 516 608 783 520 -930 389 -302 -608 -521 -644 -736 931 -86 167 563 346 159 -566 -725 556 762 -433 107
792 1 -807 957 880 -172 -694 -263 -728 97 507 -99 243 41 -446 399 316 276 493 -135 949 671 913 975 578 305 -990 614 636 -823 554 157 -286 -104 -234 824 194 917 -37 -112 -697 -53 -206 -212 -532 823 973 -266 -988 521 -346 -801 -936 -147 -743 210 -65 -773 98 255 73 810 96 919 682 19 -672 187 -24 182 511 -252 261 -88 506 596 472 -868 -31 -559 -677 933 215 439 363 655 755 982 -41 -348 -57 709 725 107 -260 -770 -859 924 953 262
-173 -618 -879 -612 -874 -145 658 -852 -620 -353 -791 -51 -800 923 946 814 -996 23 247 514 -6 -578 15 -751 144 118 243 -404 -954 -860 686 843 -246 630 -24 -179 933 339 -134 718 342 -407 -434 811 -586 833 263 755 -123 -141 161 -820 -967 -84 -744 917 -978 236 -545 -34 280 -651 -270 -71 697 539 -657 -79 -924 367 910 794 454 635 -172 -905 -926 953 622 909 538 -509 -433 -269 208 -780 -877 680 36 405 -209 -773 -755 -356 -136 531 945 -678 -844 -649
-410 -190 22 235 -205 403 -684 9 -169 808 820 949 554 -50 471 245 -386 721 435 -767 -750 -372 609 857 -299 -6 -389 -346 -905 -917 803 -394 -27 -40 -903 316 -526 -130 -301 -560 -433 283 692 207 -483 341 -321 33 -563 -489 -901 444 343 -13 -576 -999 879 650 771 -988 252 -266 681 897 996 380 -419 -398 -63 776 -646 -133 427 -991 -117 -739 453 -788 -600 -225 -236 -923 756 178 447 -367 915 -618 -395 190 -376 -853 335 -637 156 642 823 -109 -221 432
1 340 -25 -926 -689 -414 101 243 -367 560 -469 -49 -277 -34 585 584 -855 330 -646 690 358 728 614 596 657 534 -733 -313 3 -235 196 941 -666 -350 282 -135 89 481 772 999 457 938 -290 963 377 433 803 70 -99 710 293 45 335 -203 -831 -22 -952 958 482 118 922 -13 937 633 164 -908 254 -171 -626 -126 384 -837 455 619 -972 12 -801 -891 835 735 615 -814 -685 -560 -251 -991 -363 -537 -365 876 296 -916 298 800 586 588 696 -256 -610 334
-122 548 617 -198 -562 321 -752 -165 510 719 -376 384 -713 728 -106 -609 8 149 -920 234 -863 -414 -232 -41 -343 -21 -587 900 -313 -247 -606 652 401 -29 -182 890 -6 -506 -103 -655 322 241 132 833 493 -98 -334 777 869 815 -278 92 -788 654 445 93 761 787 608 -650 615 954 288 -195 911 735 696 959 -113 407 111 154 581 -857 235 528 533 -798 -872 221 431 628 255 -202 -331 -830 -443 296 590 323 -982 -377 53 -254 236 -101 494 211 -847 712
727 75 851 -201 -807 643 -954 773 -441 -271 -638 -826 -354 56 120 721 -323 612 514 476 422 525 92 949 940 -431 649 161 -171 -810 -803 697 258 530 -13 943 -722 -860 -407 -806 -847 -925 142 -539 -655 901 -296 719 89 666 -311 684 327 -378 -20 -504 632 615 -686 -461 456 466 246 479 -868 849 -839 -918 569 -175 -48 -553 -189 562 274 716 -946 -397 -448 430 255 -42 -935 655 793 -360 -808 -413 591 724 -798 -941 276 299 936 -460 904 -287 771 682
-880 -913 130 603 -768 -628 657 -924 -212 -422 71 841 -667 -199 -791 -221 -448 314 -842 -266 -562 418 498 -314 594 372 816 -603 -196 47 -752 222 983 -955 -560 5 -967 -590 -328 -596 -125 -773 -449 641 -845 -989 -850 -143 204 -900 723 426 -198 -88 672 333 -574 693 -443 837 -399 -67 356 -317 502 -558 -489 483 -18 -690 -213 287 -712 788 -68 133 587 -99 -400 762 -578 -823 667 -697 883 578 514 -404 220 157 -458 373 746 27 977 472 -540 588 -640 -38
-192 241 352 -168 -852 -550 -864 -421 -748 -752 960 351 -631 554 220 -459 639 -115 -34 -194 839 704 -635 89 -202 -410 -286 710 4 -840 -497 200 -518 395 194 915 723 -563 -646 -190 -25 -954 38 673 -830 549 741 -434 648 -853 633 82 87 959 -599 697 999 -743 -697 -396 268 916 332 -688 870 -413 119 774 374 808 -443 -694 -449 170 431 -321 -906 416 152 -526 -122 -438 982 917 -439 -577 -47 540 457 869 472 66 -625 -870 760 397 512 544 897 -808
36 -606 423 -629 -508 -711 888 853 -651 -970 -145 -620 -14 947 -635 -341 -757 341 94 170 276 720 -297 -704 305 714 -930 270 567 -954 -922 -244 626 364 233 334 59 -326 158 -379 -138 -529 -713 -333 198 499 314 394 -931 430 -754 174 -621 313 -376 333 -787 685 -520 289 788 -885 -324 414 770 899 -285 -300 -734 -894 544 242 -334 584 390 -10 -460 652 658 -614 54 -861 -31 645 530 548 461 935 -122 -322 15 -598 -680 841 779 311 -955 257 -139 -730
437 -900 961 597 -85 446 -35 517 808 167 -241 -473 251 163 -402 452 -469 813 -194 -230 708 -931 -976 -410 152 -748 -151 -732 530 -282 69 449 -985 -911 716 146 604 -170 60 -114 -82 236 -813 574 -431 890 -573 721 -905 -488 602 -322 -40 -314 -10 583 262 -727 -296 857 -519 342 119 -735 433 -842 -243 -417 317 -418 -41 615 -959 355 485 91 -460 -211 -565 -547 -107 -963 349 183 747 -883 -935 902 606 173 186 535 989 266 -859 494 -588 703 -127 -506
574 -379 -613 812 -431 -754 357 829 22 -80 -356 530 456 219 328 147 -939 187 -949 -85 -540 -522 -264 191 -821 306 -701 76 -555 -377 -449 649 137 -419 -190 -646 -597 709 -567 -533 -807 458 -664 -550 550 965 -367 65 -921 -192 -8 471 42 324 -244 -143 836 -323 -19 870 -753 91 -787 673 75 439 -725 -131 457 -137 509 -476 88 -519 370 53 -410 -789 -808 -150 -310 618 448 -574 -157 837 615 474 -48 -561 -825 868 302 931 -344 -490 664 114 566 -831
66 409 471 574 -427 -212 -523 259 439 -49 694 272 931 -337 -415 842 81 687 133 876 -174 861 629 736 -995 -257 -828 -25 -167 184 219 841 836 -588 418 614 816 737 -349 223 655 523 764 -425 48 -198 255 -442 970 -616 -874 -336 -351 -323 -443 -649 -788 344 -512 679 -806 -670 -547 170 470 527 -680 -735 918 107 -960 -79 -999 -894 -772 -745 -575 945 50 817 641 -696 854 -120 905 545 480 549 -951 915 317 -76 -964 -799 730 -395 538 410 704 -340
511 -395 -974 -577 -737 -502 -535 -323 607 -683 -726 -366 837 -149 993 821 950 742 998 -13 436 -895 -965 732 816 673 -441 -972 446 959 839 -308 37 -422 986 873 610 712 -362 398 637 -62 827 -368 771 458 582 877 -372 505 83 576 366 681 900 -250 -537 -390 -400 119 -506 -682 -223 -884 470 -143 -581 623 -251 -514 -176 -274 -204 179 303 122 -828 -687 -60 -769 -26 -46 -746 -528 69 423 484 -404 35 852 -529 -171 55 427 387 239 -181 678 -956 -316
660 -715 -850 -855 470 -53 -506 -595 -250 421 951 705 90 358 -351 -104 -775 266 -803 -367 -770 -172 469 -922 -735 -158 -954 -42 -51 -558 616 299 502 806 808 274 189 -928 -102 960 -352 407 153 980 -738 429 169 224 -556 704 576 -425 690 485 -205 134 677 720 351 -881 -793 -220 -72 -756 -948 -507 -457 -499 783 918 892 313 525 876 -134 -246 922 371 -121 -943 374 719 -398 -430 385 926 608 605 -888 -21 334 240 -631 -80 258 924 -892 -513 349 991
371 -431 -696 816 -998 218 -629 875 -945 502 -937 763 276 -114 -735 201 -434 122 853 -314 713 -76 740 -503 -142 414 -138 -410 672 -487 -523 -453 834 462 -516 -610 222 -105 -294 327 721 530 793 678 -214 -995 281 992 947 209 -408 590 -701 870 -79 -605 572 -470 -282 -510 959 965 260 -956 420 -593 648 361 -726 -849 13 -123 -504 635 398 -989 -669 871 474 805 -20 783 -184 106 171 -88 630 -460 847 126 78 -100 -309 546 -670 -335 343 -34 948 700
-533 419 -174 -26 535 925 -115 -134 917 639 -751 -175 -340 -940 -646 -691 -932 864 888 420 -611 -736 667 350 -43 272 427 -627 -755 -635 381 562 -906 663 846 434 -726 -876 -288 556 801 769 432 670 41 885 -278 -305 -987 775 404 656 -513 -877 -800 177 806 -855 643 589 -176 -263 109 230 686 -121 386 18 -359 924 330 -351 126 -324 603 941 -644 708 782 -715 193 64 -977 -859 -154 515 -517 -169 -569 -516 -963 278 -374 439 418 -570 -476 -662 43 -66
[RUN #5 100 100]
543 -373 -282 -229 -546 -19 -708 887 -296 89 620 285 415 324 -919 -900 153 408 274 -494 -345 -293 -434 378 810 85 -787 -63 88 -94 -550 -89 634 485 -460 734 670 644 511 76 -738 923 319 -888 160 -619 71 -896 -479 -336 -863 322 433 477 231 912 562 720 119 -24 -424 14 687 440 689 69 462 -380 -757 166 763 -135 -130 -254 741 159 624 744 821 59 -330 -657 822 672 -503 338 976 889 570 38 4 956 241 625 216 -428 -3 -106 648 639
643 782 -20 898 784 623 592 -622 582 -270 -696 -815 975 282 -6 316 -509 295 -848 143 872 250 -240 -423 -683 462 384 991 -382 -488 695 -349 -52 314 -167 -266 183 -252 735 -398 -83 518 -330 692 -478 338 -320 611 -592 -700 -886 136 -885 -81 403 -97 476 -974 272 -566 708 -958 127 -134 -461 -380 217 -644 -748 422 -121 679 -836 478 -47 -558 -244 -247 -387 934 972 913 -690 -615 858 340 982 -1 395 660 240 -753 877 -573 -758 -607 -587 -135 334 -920
-9 -893 -889 -463 808 640 601 413 -876 439 -512 192 889 562 -70 -794 -265 -789 -840 -540 344 -545 712 402 -980 703 -827 -836 943 757 505 292 -749 -856 576 -588 -767 56 700 898 -782 100 750 829 293 -639 -289 447 -685 -245 -579 979 -85 -732 418 -546 -831 835 954 720 -48 -725 -131 -696 25 -580 -473 -709 -499 -772 -239 -793 -570 936 353 58 480 135 -427 295 -714 -903 937 -212 838 -185 623 315 19 -295 539 -748 -272 -177 958 -407 -137 145 158 607
-730 -702 630 -485 -326 773 178 -203 -247 -947 516 125 -822 -462 -356 -798 490 257 731 -238 -651 -603 -195 582 -709 -321 -96 -232 -473 -985 -834 -565 -305 906 192 889 -387 -501 -948 511 351 520 -760 941 685 327 -199 461 403 -101 -544 -268 -925 124 -914 943 931 -249 -622 594 -645 928 232 802 -178 645 525 -362 218 -103 605 597 -57 -481 -198 660 -370 199 -475 872 98 -493 -789 337 358 -707 -413 601 -982 910 891 471 -229 738 424 -302 -150 -211 -737 430
252 839 571 922 -191 373 -994 745 -559 293 -525 -429 -396 -837 854 -130 -983 934 -133 887 843 622 -110 791 -769 652 65 -279 294 37 505 212 644 -522 -808 -603 -330 851 781 -886 -351 -722 -980 297 -147 -333 347 441 -821 465 -995 -745 177 -685 -691 -321 280 580 -614 954 136 -606 117 302 -636 979 495 921 530 -514 402 -288 -334 133 178 -131 166 750 229 -311 -968 948 838 -182 949 620 67 755 743 932 -620 875 583 -628 77 776 597 -609 -794 -641
133 -374 825 143 731 -190 626 -949 -417 -383 -874 -167 -997 214 160 853 559 368 730 226 28 -87 -490 -748 531 858 213 843 -370 -665 -775 -355 661 367 552 -324 -445 861 -434 -996 836 -875 973 920 -409 563 715 990 -759 -592 -159 467 790 224 883 993 -546 -819 -926 283 670 522 -975 365 225 13 477 -879 986 154 -69 997 408 -181 -797 -203 451 -516 77 -75 -230 229 799 -617 -901 -317 -767 903 -535 -717 399 -990 -12 53 -388 11 -823 557 -382 364
-611 -761 544 729 -379 679 -298 -777 -763 884 257 180 471 460 -498 972 602 916 -954 -117 126 -210 -308 -740 -163 446 -581 -82 -112 863 -161 -98 235 -879 -919 275 -718 -363 -120 438 185 547 -704 -809 727 -435 -427 -710 -343 846 -107 -829 81 778 827 -223 273 -749 -268 -255 150 204 -285 289 308 -463 639 -237 -595 617 40 -472 -860 -739 -519 -280 903 614 -705 169 0 819 985 -976 315 530 557 -385 718 9 -894 -909 -599 -907 -884 462 -952 231 -56 872
392 407 -773 -983 790 -421 312 -281 185 628 756 734 -571 636 -645 240 -967 -818 113 314 484 306 -344 79 -579 469 831 97 -90 -69 -504 -995 205 -937 -673 -980 286 -282 -497 948 -15 -507 461 85 66 480 -628 13 -266 -649 -201 -742 836 -707 -172 -453 -711 183 942 657 86 915 10 -949 760 -941 -525 965 -529 -334 -6 -791 375 -727 -503 -232 71 975 213 -698 736 -67 768 264 -96 226 -92 -779 -278 -229 -557 211 737 17 334 -322 157 -185 -39 863
-783 590 -51 -857 171 -818 -956 35 558 -966 -873 472 961 377 218 -390 -584 -532 -152 161 -435 829 686 -224 -626 62 -579 -350 528 959 235 626 393 -990 900 822 670 804 -463 554 734 597 -207 928 -387 -948 -307 -26 -143 -150 -219 -647 -742 574 -359 863 189 -285 -442 -133 700 776 383 656 -171 813 -245 -437 -903 -331 -543 -278 -702 290 662 -478 -454 268 704 206 -470 129 -189 539 50 963 -748 415 787 744 733 -132 604 -603 726 -637 -336 507 -446 988
-109 693 -702 372 -532 -331 -342 695 -185 398 -209 887 161 -674 919 218 -115 97 -106 905 -433 558 185 572 104 -447 832 934 -92 -197 -923 -18 -533 63 -352 -791 -258 -776 -199 -954 -1 7 259 493 85 939 -790 467 79 -948 -751 -914 787 759 -823 658 62 971 -612 -712 -665 998 -605 -506 -559 -59 -68 524 33 -11 -762 870 498 538 980 725 -893 -51 575 -757 -973 91 93 -489 548 -810 -710 -91 401 -353 -505 -607 -21 8 377 -949 -904 950 -493 797
-137 589 435 458 -955 201 843 -936 -442 385 -101 -810 -225 730 751 176 -976 166 -545 581 -574 -697 456 -9 754 -437 260 -907 183 -711 504 311 925 874 516 333 650 -517 -787 53 -599 -228 926 -177 -851 -694 863 -995 566 356 -231 -479 -508 -734 143 812 -369 767 -623 426 -796 609 -129 895 306 -950 85 -713 -88 -173 966 -238 322 -908 -30 -278 741 -912 -579 366 -236 -735 882 358 910 -923 492 746 -195 -550 -858 668 89 -874 -764 -382 -234 38 601 -413
[RUN #6 3 5]
921 524 -1000
847 988 -301
304 -703 788
-727 -219 -564
849 -896 -754
[RUN #7 3 5]
962 -510 908
-636 997 -410
-400 132 -280
822 899 425
418 560 422
[RUN #8 3 5]
848 -397 -131
-720 -33 560
124 -2 -313
-352 823 -155
-224 633 -819
[RUN #9 3 5]
789 -547 -672
933 340 74
-657 -10 563
-994 -699 580
592 -97 962
[RUN #10 3 5]
36 -870 266
-758 -584 -121
-315 -624 -698
-339 -869 -725
717 105 972
[RUN #11 3 5]
-659 -59 -8
778 -750 606
-115 755 441
553 208 -15
100 -609 -849
[RUN #12 100 5]
-336 319 -46 956 712 635 -60 -705 -415 94 544 618 -559 238 27 444 -584 334 981 241 -270 -32 723 196 781 166 422 -928 215 720 598 -48 63 -35 294 739 -600 409 -15 -329 286 305 182 819 864 -316 472 -213 775 -475 249 -862 685 350 28 -434 -713 -447 193 -372 -613 -528 -22 860 359 641 -305 -759 902 -754 805 -569 789 476 521 639 -443 29 -743 968 659 957 143 -176 -263 -781 583 -642 303 15 652 -657 -872 25 -575 95 235 -858 -165 325
-552 475 -795 -41 512 -617 560 749 702 76 -473 -423 -517 695 829 -849 59 -39 -645 993 541 780 -11 881 -715 -732 -7 602 131 -272 -231 901 -577 152 -408 -807 226 -761 779 844 188 809 432 -443 861 571 -702 -563 378 462 964 -350 107 -614 -831 -545 261 663 -291 -33 664 583 722 -969 202 732 983 111 -35 -348 -937 -84 -56 730 -268 -318 677 -40 959 -755 156 -557 -8 691 275 -342 -680 -359 -627 -600 44 510 704 -979 -322 -90 -647 248 759 -764
227 -224 -858 -454 298 890 919 891 15 -787 -865 641 65 638 126 -702 -774 -893 863 -590 -551 -684 -171 345 -391 -813 252 -465 352 228 734 -207 29 558 655 225 -97 -128 -355 598 -543 539 -678 -951 944 -983 -969 -351 -184 -141 -145 128 -883 -209 -695 317 633 -327 736 -697 -879 -199 864 -264 -836 818 -598 611 199 499 752 -54 112 338 413 -71 563 -655 398 -966 -360 -839 538 -631 748 73 -277 967 -981 -889 948 403 737 -876 -363 360 -672 501 64 295
-278 833 -16 -517 351 595 -225 683 23 50 -787 -521 505 -287 696 531 491 -680 436 673 849 -258 157 -219 -793 -90 39 -80 -867 -619 552 -797 890 -162 918 441 -87 476 901 955 364 -525 -413 521 416 107 -363 949 -351 -745 256 386 -366 340 394 -206 688 631 216 985 -557 -687 779 -561 -246 163 -81 -991 397 -934 -659 -444 424 905 165 -421 16 142 -19 967 378 892 -364 -567 103 -416 7 -418 369 140 -50 708 750 618 -196 915 -933 -322 -484 9
-230 484 170 -182 -930 877 168 -89 -478 -679 113 27 313 -88 857 626 -643 112 -456 890 -504 -25 -927 -249 -518 -782 -574 -442 -998 895 -102 116 77 759 -570 325 -856 298 -989 -770 824 -626 -324 -624 598 534 610 64 -140 812 381 -773 99 317 566 766 -444 -119 -175 490 -4 95 -500 -183 734 407 -360 716 936 -95 826 399 4 902 -912 -215 -779 774 782 -174 -590 13 332 382 533 -740 -835 -141 591 -198 -975 414 -13 137 -762 -766 947 -384 455 420
[RUN #13 3 5]
-707 235 -263
-837 910 -782
-667 -823 -252
-986 -957 -122
275 899 -53
[RUN #14 3 5]
-446 -228 906
-349 784 -611
654 266 246
56 496 255
-428 -442 126
[RUN #15 3 50]
465 -18 201
558 -873 -205
-788 -890 323
737 681 678
-107 274 -323
-189 -825 455
184 -957 443
-626 98 433
-438 -559 62
186 538 -813
994 -100 -207
-319 -808 -111
-22 153 -495
-79 -252 -676
456 -930 -239
550 -57 238
997 -399 -114
444 -267 -149
-784 -824 719
-193 -661 -897
218 820 -23
557 -159 960
-167 -320 43
222 388 93
900 -440 -865
788 941 374
-500 -579 -72
566 87 844
361 -29 -331
52 621 554
-746 949 770
256 896 -21
-818 704 919
-749 544 -762
-11 638 202
931 270 535
545 195 -550
562 -785 728
-92 -682 -81
-205 -946 902
-167 -47 -265
-675 15 85
65 -545 -84
914 238 649
-643 236 829
-356 865 877
-30 556 7
-626 283 134
-207 43 973
269 -329 -600
[RUN #16 5 5]
75 401 65 320 753
355 -231 459 802 859
-935 -453 178 -80 219
841 -886 602 -707 -921
-201 651 430 -709 -222
[RUN #17 4 5]
-207 322 876 546
826 -541 941 923
913 -217 -390 399
-185 -369 -745 -459
466 309 -269 482
[RUN #18 4 5]
977 813 800 -302
-80 -779 706 -214
4 477 301 901
-16 647 48 -629
-324 -296 -291 -847
[RUN #19 4 5]
-943 903 -118 442
122 -716 758 -571
-151 60 528 259
-873 218 816 334
-560 -418 -783 -731
[RUN #20 4 50]
748 -609 261 -136
265 -829 -312 -814
-937 -348 472 571
-347 -792 -473 870
-904 -358 -553 5
-464 -911 669 476
302 183 46 33
348 544 822 -367
-887 -26 -996 -22
-473 -441 475 -443
-925 -14 761 584
356 -55 141 -350
535 -652 344 990
868 782 681 -469
231 -912 154 922
400 428 550 -641
-300 277 717 -291
-536 -573 -856 488
314 978 420 2
-784 -191 707 238
223 -282 -51 -605
977 391 -204 727
475 723 -561 -235
125 460 196 -905
-173 101 854 -761
561 -863 489 -777
138 -121 -380 508
193 -740 -655 -928
755 843 860 937
-56 23 855 -241
650 -636 -404 237
869 -589 -505 -177
-390 -117 -286 660
-21 108 -428 387
288 -546 813 524
271 -551 490 -601
-418 657 -691 567
753 122 493 -65
-936 482 892 -355
869 -536 701 375
-973 724 358 -668
938 965 605 184
-414 100 486 445
-783 -429 320 346
-775 -547 742 -881
496 684 726 -590
-331 862 -624 -639
562 -483 592 -463
-145 -155 737 -389
-600 -364 -64 780
[RUN #21 5 50]
564 -331 -784 233 61
570 988 -933 -56 -837
673 571 351 -460 -369
694 355 -211 -731 -327
-240 562 416 937 -698
536 727 328 180 746
760 -444 -361 888 -337
-618 -868 808 344 361
909 886 637 506 -191
392 -494 753 463 5
-133 -884 -680 373 -727
-34 923 -875 -802 884
-331 -894 749 -956 -244
-488 282 -152 797 -141
752 967 -990 161 579
-678 -840 -918 920 647
-142 -769 -308 79 -52
971 -159 812 68 -292
43 297 -801 864 399
-923 -253 421 -150 880
616 -735 -918 -512 787
208 -497 -980 -922 -716
693 -259 -851 697 338
688 -935 -998 -419 -196
-576 -597 -539 -677 464
-799 -765 -572 212 245
56 692 878 -6 796
996 644 937 -540 -803
-479 135 -985 393 -428
852 -784 479 -307 955
-521 629 321 -748 532
422 544 -692 710 770
-588 -548 -701 -383 -684
648 -715 -200 837 -606
896 344 263 -813 620
747 549 -877 -987 727
-943 -260 147 566 985
-944 -781 -335 -503 944
309 -677 850 539 -849
-755 782 -183 263 -589
969 -705 926 -272 100
-173 -108 -857 -776 407
727 375 2 584 880
-876 -512 -754 -39 76
-599 -808 739 131 102
464 83 -825 789 258
-556 -647 -540 435 -584
206 336 -22 -494 360
732 -592 -404 -547 -160
-751 604 -512 601 -320
[RUN #22 50 50]
728 69 641 781 -845 -462 327 477 -466 -538 381 -14 850 707 804 -979 683 358 71 999 373 392 57 -812 615 -410 981 785 -217 -842 -91 271 225 -458 954 -857 118 829 628 -135 714 -775 542 -322 -580 -636 -710 428 -912 -469
-99 747 -436 42 423 -651 -916 253 -384 961 510 -15 -234 -979 351 -86 838 56 -139 836 110 -69 -884 922 574 438 -812 132 705 -800 10 -420 752 717 774 621 -521 363 -954 753 -683 714 787 -456 -582 -177 44 -595 543 482
-428 14 -448 869 790 -221 733 877 27 65 338 543 -174 -284 -4 -31 -635 118 185 -90 427 -324 297 -538 -6 798 -654 -639 156 861 -998 103 -202 274 258 965 -837 -214 576 -649 685 -36 797 327 -420 133 115 -242 857 -884
-947 -722 -198 923 -15 705 157 790 -154 484 -742 93 408 -140 -900 -991 -280 357 115 -807 -409 412 -720 -137 -353 360 -2 598 -914 784 -104 -117 694 164 -575 384 -649 209 721 94 373 -762 350 -136 684 243 -702 -358 587 635
-871 -306 854 679 -133 408 -746 323 238 683 154 769 -863 -279 480 400 -178 -401 432 849 -56 676 -38 786 886 -73 -95 -635 15 824 -983 -256 -667 -786 -557 -913 -167 692 -251 -629 845 -564 -926 -197 463 -347 -478 693 433 621
-147 10 172 560 628 201 -483 306 662 -52 -60 -460 771 594 347 -58 -709 -393 -384 679 15 545 -812 941 477 509 634 -263 258 452 954 528 207 184 20 -420 -784 -391 841 734 102 658 -629 732 882 152 580 0 395 244
821 346 607 -181 735 -243 -986 -460 -107 -790 322 -296 -373 -128 -948 -158 63 -87 78 -548 761 395 -686 -465 -814 -145 -230 -347 692 -191 -467 -464 547 -21 -850 -463 496 -767 -320 -884 -950 -168 -208 -398 -919 274 750 524 -14 -939
691 645 -508 -796 -612 848 132 558 806 882 55 30 522 91 725 887 -461 996 -10 -984 -705 25 362 410 675 -386 647 729 -616 891 130 -378 630 772 204 -102 908 -682 -72 660 -994 -326 488 -7 454 476 16 855 -764 718
-529 477 716 -860 941 -966 679 659 634 481 -724 737 -514 770 -291 687 -967 12 730 56 -39 -959 281 768 94 73 -473 -825 694 375 -739 224 -188 -118 -536 250 362 889 710 -194 -988 -740 550 -205 25 -696 -436 -645 -753 993
-5 822 675 -965 992 -473 -620 -495 -155 -617 -999 -310 -117 929 87 179 -343 593 68 704 -273 117 99 6 413 654 -182 -210 561 706 -953 -472 -395 -66 -760 -450 -304 -559 -25 93 -199 401 557 -785 -732 847 -129 -886 -417 -208
-539 169 326 -806 -221 507 -623 279 -86 -408 -382 -651 -17 -38 -216 314 495 248 -139 410 485 565 844 456 188 797 223 654 -340 -108 -697 897 -364 535 1 -272 -61 297 258 -913 -283 -786 -611 878 -811 -869 800 -271 -243 -749
-780 -253 -189 -498 -222 -157 319 225 -685 -700 928 901 -637 -682 997 366 -184 -557 670 3 -46 496 860 690 805 178 -96 473 323 -263 -636 -559 -373 149 -640 339 -407 -727 -573 279 234 316 -849 1 943 945 -608 -735 877 -473
-550 -756 260 344 -650 559 -445 -49 -7 -851 914 551 323 768 64 -577 -324 912 -245 854 -954 361 793 549 510 -800 871 -921 542 -191 806 80 685 -514 253 -976 247 427 -627 -209 -781 353 304 931 -169 -658 534 371 827 -837
-538 -87 -254 760 332 734 -430 -521 -193 236 770 -698 774 959 859 686 -384 306 87 -80 428 409 -864 -587 -250 -921 -822 -764 621 -248 125 -182 -157 -207 -189 -15 -449 -992 -175 855 -292 761 600 91 -334 155 7 966 975 473
-8 -815 464 -596 65 657 -174 457 -543 900 -776 -547 -720 980 277 468 308 47 236 806 688 -203 -787 -194 -112 -692 -417 -988 -399 832 238 -36 -619 19 949 295 -387 475 251 772 302 347 677 651 284 608 -214 -205 -466 182
738 593 555 516 799 525 -688 -630 68 -524 980 -814 706 856 -462 -662 -733 600 699 -999 325 618 499 90 -832 -910 -908 -957 283 -279 -529 873 71 -27 -445 -77 887 613 973 -273 921 -475 -583 254 327 947 197 693 -514 106
-552 -73 -131 -737 -240 787 -442 391 573 -21 265 987 197 -147 0 -582 -777 -69 814 -478 951 -763 -188 -214 -501 966 104 153 872 210 -162 -252 910 -709 233 -813 944 438 -994 517 -338 -909 -837 13 -256 585 360 492 612 209
505 -85 531 -8 470 -365 -229 -707 118 742 297 -889 794 84 690 779 -990 190 -39 507 744 -381 119 -733 -548 -793 -669 281 -769 -811 944 -115 -741 -210 545 953 981 876 174 395 -187 328 827 -732 -60 517 251 59 -627 985
997 -186 362 826 -487 304 -472 -209 -293 312 -370 315 793 785 279 330 480 -95 493 -806 605 -742 400 535 -414 -967 -268 -491 -273 760 -428 -107 -925 -88 -70 -467 -898 549 -584 -398 -764 738 -465 604 -858 866 603 -794 306 482
-219 789 -37 844 -192 -4 -571 -67 -34 -22 184 -45 -540 190 94 -343 751 -436 388 553 957 223 581 254 -650 -787 -876 971 449 -345 385 -66 -90 -152 -698 -539 -365 302 761 41 267 -364 895 -174 -671 997 516 303 757 -394
542 -218 543 151 -684 425 -355 -271 747 -913 221 327 -597 -187 -34 123 -198 -323 325 99 658 -749 -344 -789 -582 80 444 5 -130 -786 -767 71 261 -56 532 959 52 -322 -654 921 888 517 678 -906 335 -471 725 537 128 -805
297 477 82 938 -177 -295 248 949 648 122 -814 -334 961 8 535 919 -791 -123 171 -108 -412 91 324 -289 618 757 960 -565 -317 -718 283 -984 797 443 348 -714 32 -808 12 -935 800 -550 -58 737 -471 -647 625 -676 -628 -376
991 475 -662 -651 106 595 -799 524 99 -234 -47 685 123 30 829 396 -218 885 649 295 436 -137 140 -447 -326 730 -695 -342 546 -9 -674 318 -964 -615 -20 485 858 -18 -216 -21 -740 -880 -112 -173 433 -286 -374 -512 -16 -115
-577 368 749 -50 -394 766 23 -887 273 -92 733 665 405 203 782 818 -219 -26 -218 416 581 -889 891 966 570 -735 -140 -349 -550 463 573 -995 -963 -978 466 647 -724 334 926 -120 -909 -882 933 114 -641 507 -142 996 -861 -764
-203 -37 945 870 371 -666 -993 206 929 -817 632 -594 -469 192 -947 586 642 -962 -114 58 573 661 -376 900 227 907 -832 367 -370 -446 -976 -825 738 557 901 -40 20 651 120 452 10 514 -283 744 697 487 589 -113 -132 -434
-230 17 166 -463 203 541 276 -94 580 546 12 -195 395 317 441 -798 903 -708 59 250 -610 -488 -27 -242 370 924 952 -303 921 -812 -295 -277 131 -969 -747 -452 758 728 937 659 403 -988 -299 7 654 -359 146 742 -375 -867
789 656 183 -363 -448 767 -539 -721 627 -711 296 -852 267 -839 -965 -654 -426 835 -217 923 734 -269 837 392 467 697 269 185 877 -816 74 -703 459 949 -187 -353 861 -33 963 875 873 414 -223 -657 694 722 632 -113 -220 991
227 -860 718 -379 -17 -675 313 687 -573 136 897 126 -857 -905 -223 -324 -919 629 -597 644 -526 634 773 12 848 -967 -382 -454 608 -826 844 -646 633 253 -863 734 758 -209 330 240 956 -292 199 674 -175 -685 851 149 -112 279
-11 68 -553 -64 -333 -903 811 -483 -190 581 -471 468 -967 -661 562 377 117 -821 -481 -16 987 755 -697 -238 970 -277 -929 -197 -336 440 -627 815 -561 959 -777 104 673 -158 10 -1000 877 -549 18 -12 607 561 -545 -775 -668 793
-281 -175 -571 -112 919 680 -660 -756 688 -452 -428 -412 -180 930 -697 -65 111 853 -669 -768 -186 928 -845 -333 -905 500 140 -970 -121 -507 95 485 908 -134 612 595 -192 741 842 619 -160 -352 187 49 730 766 748 -933 822 -329
104 988 510 -123 -622 316 562 -744 -555 827 899 -293 54 291 -954 690 401 -907 -713 -31 -819 -489 93 105 -340 -435 65 -158 755 -355 -735 -93 -59 -320 -650 -887 -60 -627 383 -420 -568 -500 981 705 -985 -915 4 80 -315 -879
517 -893 -115 -592 -482 508 -931 -761 715 -337 417 -362 412 802 -747 835 -579 -663 -755 -548 266 -148 343 -967 -787 -26 688 -932 -954 804 576 513 734 -888 166 -608 -406 603 -819 769 -366 455 722 -330 -38 221 -106 -183 196 -68
-609 504 -741 -218 -495 742 549 769 -621 715 465 -627 -696 -679 -622 -974 -710 -132 220 556 72 416 -582 -361 495 -327 163 794 -910 -526 -845 289 -855 -195 -124 -385 221 376 -404 -170 -309 -289 224 -450 821 -808 189 869 834 -981
-635 796 -471 -615 -304 815 945 293 360 412 598 126 627 14 -8 -419 651 -874 -193 -500 38 -197 890 -426 -125 616 691 93 712 273 18 -182 -624 609 839 -62 -347 2 78 762 -1 -384 -86 -951 -954 -881 381 372 -173 965
8 -200 -513 -36 -995 572 88 -934 386 -268 -381 459 30 212 158 71 378 438 -778 -685 -262 -318 220 350 -633 -59 319 -822 -611 0 -761 -7 -120 -233 222 31 64 -996 552 -569 599 -227 -503 743 -813 659 -621 -113 903 857
280 497 12 360 866 -447 181 -679 -456 91 451 -70 -488 -383 -961 681 639 -982 -590 879 136 661 20 762 195 198 754 -36 -996 49 -831 -315 -483 -980 -691 910 -262 -572 912 -592 335 -753 999 -553 -765 556 122 761 564 410
270 -556 46 225 883 186 360 -802 516 119 354 -871 677 882 -471 -708 -551 -710 688 -479 256 -243 709 920 -774 473 446 45 796 -43 391 -79 -955 -861 357 583 746 -264 -327 36 737 -240 543 856 209 843 930 -944 121 925
-547 -181 -308 517 17 257 90 524 -170 -141 577 520 743 -848 477 891 164 -957 763 -811 -881 3 -10 -632 -62 -956 -299 -103 768 502 -639 538 650 435 -387 -39 35 29 777 991 207 6 -83 592 -930 -871 503 19 -418 334
222 999 -425 17 -658 -119 968 990 -657 598 -232 -632 646 840 111 -597 2 -153 238 129 -30 909 562 -73 893 -612 -820 940 -456 642 280 892 937 236 -82 721 -694 944 -442 -647 -688 304 -167 994 -654 -354 -656 -131 -894 636
110 -516 -51 706 230 -779 -144 -270 -840 -648 -471 23 795 -841 -530 466 739 -234 -739 461 995 199 315 973 -477 576 -348 -947 -918 -780 -202 731 -595 -519 60 -989 -926 -362 -546 307 380 -240 -194 -18 61 459 -165 497 -507 -502
-545 503 332 -758 276 -759 828 395 517 -451 -350 -594 673 -212 -286 -168 674 333 -413 -56 1 -688 -298 -968 778 -504 253 -578 -539 705 -874 73 672 -99 114 424 -903 993 -146 -599 -772 976 -775 -646 -461 659 -716 669 -328 222
35 182 -936 266 -164 -193 -240 896 -40 337 651 441 -957 -490 578 666 -637 729 280 682 -706 -507 19 -838 589 643 944 356 74 934 -751 822 -910 -513 348 51 -243 -285 -783 -456 -256 465 -28 -670 -463 974 -315 -954 -538 547
-90 363 731 319 -591 -539 539 -600 -444 -468 -95 -14 842 557 647 633 352 367 645 724 828 994 -513 -360 151 -273 206 -111 -387 -747 -966 -21 -7 -960 200 73 -339 58 -573 -768 -277 -892 202 -655 -657 762 965 -329 907 115
-593 166 -863 824 499 -194 419 -681 -801 -61 -795 -211 -713 -113 7 -602 -188 -159 618 200 578 -140 600 -641 446 -957 674 947 -635 -525 -769 -751 -575 -367 -776 -285 35 546 464 325 183 257 395 -906 -848 296 -177 -599 -129 493
251 826 -14 -357 -283 96 296 -526 -378 262 210 -774 -785 -459 -347 -685 309 895 -338 734 -8 -481 -4 968 774 -950 -838 948 -676 285 -424 123 391 -70 330 995 -68 903 472 -207 122 277 741 881 -384 -970 849 499 64 -350
23 -773 113 -966 673 203 -488 -128 -950 880 -520 58 -321 -981 -725 626 11 511 -33 308 -615 -418 353 -654 19 -457 -690 -842 195 543 745 -638 -986 986 831 923 -898 948 252 -75 841 17 -122 556 -523 -699 -694 -623 341 -788
997 2 879 -119 923 365 -63 401 -830 -788 6 592 874 309 991 854 515 -524 740 392 665 104 -322 -135 -290 -588 976 299 498 63 -203 762 580 -908 969 996 651 -229 663 -382 746 -1 601 170 -849 -473 -886 211 929 672
-322 16 361 -313 778 282 407 -810 -931 344 169 -647 -942 392 -851 -405 591 793 819 450 772 -558 -427 -964 609 536 -908 259 241 -278 719 -283 894 516 431 -179 762 105 -103 -346 -453 989 -488 229 -147 -907 378 -667 -477 802
728 -478 -529 805 680 58 317 664 508 592 -877 -306 -364 642 422 -613 672 -276 -880 -66 515 430 509 -932 -472 -120 -137 763 27 -793 -455 116 343 -243 53 -830 334 -670 -2 -633 -299 581 -143 -151 704 -960 -102 -155 94 -96
973 -41 766 -67 -826 -465 -225 325 32 -113 4 -410 -696 170 12 -669 389 598 -362 427 224 -821 -934 231 858 -542 619 205 756 40 -800 492 925 -597 46 -884 912 520 786 703 255 483 -372 599 834 -621 900 -516 -314 -900
[RUN #23 100 50]
-38 235 151 366 -403 782 -446 -157 281 28 -913 -817 773 -980 -292 -697 -357 -842 -907 -174 -602 312 592 410 -617 713 646 155 -917 502 264 706 357 -159 361 120 81 -318 121 612 -198 -59 -422 -73 263 -247 473 -94 934 -885 914 673 -733 37 -477 -199 442 -96 101 -462 -758 896 -558 -676 379 907 294 9 241 -114 -686 64 791 461 47 747 -918 -927 774 693 -4 -188 181 -823 -287 -339 568 -652 -124 -761 -814 796 56 767 201 425 -662 197 -221 731
-203 -973 575 -48 989 483 -843 767 -278 -307 -115 -723 -242 622 885 44 -390 -443 621 -895 671 -114 -685 441 -376 991 67 499 184 -958 758 -979 460 506 563 -96 -535 230 -931 -614 -751 -524 -821 -120 661 -648 -320 -179 -42 928 -342 996 -444 10 463 554 -396 -820 339 -222 238 -445 -129 585 547 733 -205 -383 -419 -658 -151 225 -447 -417 97 -16 -332 -888 820 398 145 956 850 369 -318 -41 -69 935 -941 -634 -59 667 -986 273 62 530 -727 -28 -235 480
-510 133 2 772 141 -352 -614 -810 882 537 -76 -144 99 636 213 -141 -269 271 915 870 -31 4 510 126 -720 61 305 131 -430 143 946 468 97 -604 -691 341 -942 -417 -162 -364 467 670 -240 565 263 -92 617 774 -886 -438 -618 164 589 225 -44 490 430 240 -816 38 199 -87 -888 -676 -938 -857 -150 -19 194 -574 -308 638 -378 -386 -673 569 903 649 365 -680 848 -721 208 -487 -525 -227 -730 -686 -354 -279 -316 -712 13 773 541 -958 30 -201 -544 -230
-450 249 -353 -226 -997 712 -471 832 880 -53 -631 -698 -376 580 -882 755 135 -959 -40 -888 895 111 240 159 -837 37 -510 -124 -779 950 524 298 280 -18 -141 746 -483 -102 577 964 -422 -126 572 -944 -434 186 -44 326 174 -813 -713 391 70 -213 604 -312 -83 831 -184 -25 215 -88 -453 -856 -502 -848 942 327 961 882 -101 -858 675 915 681 -206 -902 -332 -492 -967 -811 294 -255 64 -208 -907 -506 599 -743 875 -357 -440 74 461 -596 296 600 -659 2 148
-121 -643 841 -812 547 545 -626 750 522 -603 64 403 487 -542 -539 -858 204 209 448 28 401 -923 -20 566 341 -974 -5 317 557 772 -588 -942 921 -754 433 -899 -789 183 82 805 480 917 843 684 -135 -556 343 996 -58 -703 366 -605 -219 -594 -168 123 -90 709 -954 814 -77 -818 336 137 78 -500 -757 -488 479 646 -751 -63 938 201 -18 552 731 -489 -989 -173 -504 -345 570 476 -160 -290 -145 -408 883 -986 -286 -361 671 658 -533 319 621 303 162 975
60 514 -993 -778 249 -763 -759 -746 762 661 394 -591 19 587 -652 -889 863 -105 -73 -458 -502 30 284 983 -262 975 -30 -586 677 -628 -174 255 -337 -40 930 662 708 -306 83 -907 704 -231 291 131 -334 367 316 -107 -945 390 575 -657 -994 -207 583 -472 242 816 -1 -439 -543 78 -853 -546 907 -461 -721 -851 -768 -681 -480 962 258 530 278 696 -660 -870 -209 -704 468 -95 770 -615 -715 -764 157 -226 -528 -829 392 785 478 -35 647 -538 950 736 -46 125
-311 429 487 -177 -367 -723 58 -409 606 747 -734 -387 662 436 -1 -455 -557 -794 119 -727 819 545 -702 122 524 -372 352 -206 574 -334 -967 -524 200 650 -941 721 232 -693 -826 -600 36 659 -365 -847 153 71 296 -335 -813 215 -7 -125 977 -894 -338 413 -688 212 -585 -37 220 979 725 -404 762 -672 877 325 -205 -574 925 -808 613 -60 456 782 508 -142 632 -915 -570 23 -886 658 184 -341 -145 -143 134 709 -528 648 764 -83 -70 -732 615 -667 -731 -955
-132 483 -187 635 177 -927 -875 -394 300 -827 966 145 756 -950 -231 -593 203 401 -1000 -580 -877 61 708 764 859 183 64 -432 818 -406 -996 999 -14 -828 -63 22 168 -729 -185 -475 -848 -271 374 -606 558 86 425 -10 237 -441 -585 -746 -364 713 665 -381 397 747 -156 -186 295 -43 -54 -822 907 -816 803 -158 122 -924 768 366 -834 -864 245 -911 -761 -359 978 -592 -900 353 -487 -892 -622 144 -566 -40 -48 269 78 -89 -103 -19 167 533 392 386 612 673
203 623 642 562 101 -482 668 464 324 -637 726 621 -578 -202 -717 -644 284 619 268 -40 -299 -649 288 -143 780 -363 118 295 601 -561 598 952 -797 -852 -358 -89 510 139 -788 -385 190 530 179 -987 -123 -525 487 -811 -537 -333 309 -581 -657 -704 662 -21 -830 752 -68 -211 -940 163 994 494 -563 -376 444 960 -215 776 823 173 160 851 92 -41 759 48 219 717 -407 -80 689 420 428 -348 660 -14 122 -485 461 -399 439 -112 427 -443 -256 757 840 845
43 968 -396 339 750 -689 892 -245 417 -184 144 449 -714 545 -276 197 -892 114 -506 -279 109 412 -893 -165 -238 -436 235 -632 -839 828 -109 558 -798 -23 947 -827 640 312 -521 -930 -870 -672 232 -668 -385 -100 360 186 -670 -698 139 -753 -394 -419 -764 162 759 952 -3 -481 33 358 -813 -118 -613 -368 -346 -944 299 -752 -834 110 -293 -435 268 -730 -61 -849 -274 -101 -669 -727 798 -334 -883 72 352 422 310 189 -459 -314 147 876 253 -95 909 -465 954 130
443 -286 -886 -764 775 -887 -992 658 17 -536 21 457 588 -688 -574 837 102 927 333 14 -387 415 -432 -506 324 289 303 205 -795 -610 -368 -991 -405 -376 996 -999 -75 -946 98 194 423 -323 -257 -48 36 -224 667 -844 -243 612 -394 864 -974 371 -598 -34 -3 892 431 238 473 -686 607 619 -826 -623 997 551 -512 -526 -496 -307 6 730 -499 41 61 86 -4 -343 709 697 579 -59 770 597 5 937 -900 159 -143 -186 733 506 338 862 -474 -776 -864 78
590 -907 706 -952 -218 670 -941 917 81 -1 180 487 -686 545 -316 655 749 -470 709 351 -15 456 734 -261 -704 -531 -989 -221 -654 584 271 -199 -161 -196 -911 -567 -582 772 -657 751 146 -403 -974 190 282 160 334 63 236 948 47 568 -993 -697 -256 -833 -216 946 -96 -423 492 -558 107 739 993 -83 -424 -832 615 -445 101 -147 -113 -850 -238 583 -980 -417 -767 -377 -180 387 -694 920 174 -381 133 0 39 594 -681 -120 -795 8 -498 57 -712 428 84 -511
-93 -170 -913 -942 -530 -564 -695 437 -386 -543 -623 983 -715 685 981 -504 704 -112 396 134 556 -903 -300 799 272 875 193 -167 896 376 -849 898 393 -589 48 847 530 -732 -946 562 356 952 -210 -87 -234 -569 -991 488 288 -938 425 967 -318 314 505 297 -542 756 178 -223 -818 -218 522 215 91 -503 352 524 3 -680 -187 -367 4 453 -487 -711 -65 -136 -910 102 838 -873 -729 -705 480 -867 782 228 -424 -855 121 -858 -422 465 -505 -468 -407 482 -671 -321
-803 91 978 -724 -199 -823 72 658 734 -556 562 -46 148 57 478 -872 -960 -278 804 -944 -146 691 19 -659 -541 -422 403 -267 -495 -414 -379 -447 651 268 -907 -503 170 466 -377 482 492 -897 21 -520 237 -981 309 726 -792 866 346 504 704 -326 -592 -695 -392 -413 50 -207 -552 -804 130 180 15 -669 673 -209 609 -830 -706 -210 -815 -470 -578 426 -252 589 -922 -686 -347 267 400 941 655 -102 595 -703 -287 -386 814 -223 198 -87 -606 -880 738 -380 971 -535
964 -8 -845 -74 -242 -125 -746 663 561 880 625 980 -721 15 690 -1000 -400 540 157 20 113 -680 -324 3 454 -99 824 497 391 906 152 -1 574 -355 -535 -703 -667 77 -180 132 578 305 -698 -177 65 947 -232 -737 -554 -802 -662 95 747 -999 -419 -369 793 48 -895 -482 -633 777 -373 130 -931 70 509 -781 -675 450 -603 772 806 -705 44 768 115 -809 443 149 -133 -544 126 781 -598 -220 -267 -62 -565 212 863 -707 -273 -596 -981 -494 -842 -584 282 -522
-487 656 -87 -892 808 -338 -796 421 117 847 -381 191 -552 -425 -150 179 553 -280 397 -216 -701 -948 918 235 -523 -738 -31 -473 407 410 14 219 442 -999 -702 -175 742 -697 377 95 -375 989 -874 -7 -835 327 -46 507 -823 -145 475 423 -966 395 -107 -29 -409 -176 -244 -204 -509 -84 -451 -164 608 -474 182 -624 -49 316 -986 396 -80 477 139 -222 -557 -904 -546 -833 231 -185 198 777 356 31 -251 -589 -851 177 119 355 129 96 187 -716 803 -663 -465 277
-954 613 680 -372 -401 -143 -417 830 816 416 681 113 372 156 -253 -610 628 -305 444 -282 27 241 -876 950 625 -725 558 807 140 48 -78 -229 -671 -955 -562 -466 157 -533 -479 -17 -361 442 282 -30 158 437 80 9 858 5 660 189 268 -457 -460 519 -45 984 -869 186 262 -599 -197 751 836 -50 461 -161 -47 -728 316 246 -508 142 -793 -696 -459 -878 -149 108 463 -48 -128 373 -316 -786 506 -488 349 -550 784 -480 245 -115 766 -871 985 480 -936 702
942 -465 660 837 -764 681 -109 495 -595 -88 789 204 -897 95 860 717 771 -221 931 -60 140 568 650 -146 -763 -858 -596 211 -29 75 546 -562 258 -201 -852 924 501 -96 -487 -616 -566 -436 988 -196 671 180 -411 -176 649 414 23 276 -599 -512 783 -701 -44 -912 295 455 -835 934 623 800 398 419 434 -98 519 672 -149 -315 -4 910 -377 512 417 170 740 768 -887 735 599 -330 -774 279 -378 42 -706 7 10 -219 185 697 463 -42 -503 -661 175 967
-243 -770 611 -453 -229 -599 426 -280 -403 136 243 933 147 710 262 462 -423 89 -510 53 -147 554 288 95 90 671 748 753 -634 -534 141 556 308 -831 886 -274 247 -68 -790 -333 -498 -14 -345 -914 -565 -755 393 535 -572 56 592 -550 -856 482 -961 -505 775 473 -501 -694 -684 945 -361 649 -180 547 647 27 -702 -295 -314 -40 359 612 -571 -69 -258 490 -724 692 701 904 -811 646 48 -620 160 -142 315 44 -71 401 452 -537 510 832 -239 -969 -370 -74
-512 0 -405 424 -584 -578 -888 506 955 -791 475 -719 612 236 46 -60 -427 -641 -615 329 872 -561 682 -729 484 741 -819 -450 945 -161 375 -503 -700 306 518 226 -434 74 -519 -372 -928 820 204 91 715 706 -720 -758 270 589 570 -910 -938 588 699 -158 -466 593 -1 61 435 598 804 -11 -631 644 -467 166 -504 941 -268 -812 447 693 -702 189 -325 845 -742 -493 883 -407 -185 -608 647 859 687 -721 -230 -544 15 -299 -237 -668 -163 130 -953 -214 744 684
-17 331 342 900 298 837 45 -988 -330 -159 780 57 740 -524 590 -26 -76 -483 846 -495 992 -986 431 -973 -472 318 494 943 -492 -879 -627 703 142 443 -28 -732 442 248 118 866 -666 -354 608 652 832 -561 -265 -112 -69 910 -46 913 178 711 -8 161 201 406 -709 526 -401 -182 -641 -646 -663 415 360 146 720 294 958 -193 234 250 -621 402 -54 247 -440 -264 96 -456 -582 -451 134 103 -570 -701 728 224 -394 145 -270 -626 860 151 98 353 861 458
-384 270 702 944 -26 -605 65 -628 -68 -125 -817 -827 287 -768 -416 487 493 568 -997 395 210 -138 644 -7 86 371 -334 -128 -798 439 305 -336 736 -322 489 415 -668 -120 164 798 59 182 -453 436 -905 638 -474 259 865 977 -681 -303 709 392 962 565 658 -561 -261 717 -435 -222 -168 -318 -731 -151 -394 230 -106 293 -705 391 -132 -99 590 177 -710 751 -670 -841 151 -192 557 -838 -472 416 -537 998 -425 786 520 858 -515 -632 815 541 816 44 -811 840
[RUN #24 500 5]
55 469 -215 -705 786 515 -859 -340 755 -958 109 -683 -439 698 -198 -488 355 -426 893 -585 432 -706 -864 650 433 -892 105 602 792 617 971 104 -239 -219 114 -19 692 462 -987 -364 821 -213 -395 809 -3 255 836 -532 464 -893 882 -217 -907 -292 250 835 669 256 70 -305 479 329 -526 402 -152 801 753 -297 454 -656 877 -583 -379 608 -145 272 621 -811 57 225 267 779 -524 727 -6 -803 -437 259 46 -499 385 -135 308 213 60 -136 -177 -227 938 -628 -950 942 345 193 923 232 572 -388 450 -327 937 -108 662 178 936 404 816 364 -933 288 794 907 -662 -192 299 521 519 -736 290 -888 -160 -431 578 -151 -483 630 -879 -244 522 -238 743 396 678 -840 212 -329 33 313 -370 -231 619 452 -206 26 -56 -79 -635 -281 118 -393 31 -380 434 -818 -731 -154 151 766 409 735 -504 15 -1 803 620 -967 -366 -203 706 117 822 149 -482 -940 -647 -507 425 618 711 549 275 -638 -748 -81 328 -633 -966 482 -977 -348 -97 473 262 850 960 -772 903 -434 9 81 661 -161 -173 38 597 -216 -841 726 855 112 317 901 -70 873 -861 266 995 681 125 -428 375 369 457 733 240 108 263 -559 -770 -822 -60 -234 518 860 778 -921 -695 561 406 -71 851 -260 -630 493 512 -883 -36 258 -276 334 -252 -756 -777 -688 -778 101 -808 697 -713 257 276 224 -26 -910 -858 -378 -845 -119 311 -848 90 842 -949 -935 -871 885 -821 -299 916 -969 -823 365 74 419 47 663 -849 347 -621 973 981 -241 806 555 900 -296 429 659 -163 -568 -995 -672 353 189 537 705 300 61 -188 699 909 470 704 -676 633 754 -48 23 -962 -782 309 -337 -191 -694 523 598 354 652 -597 -237 -320 -709 363 427 -556 -691 -693 19 -446 -575 -207 34 372 -396 -636 -469 626 426 -904 -741 -639 -654 -847 -603 -374 -699 -144 -229 591 -86 -2 -21 100 348 532 -205 -997 378 -834 687 496 177 -10 671 -710 146 -817 567 -355 -578 814 -262 -425 -261 -546 571 -512 -301 951 21 -72 -283 -57 -790 614 -528 -83 600 788 43 459 -157 302 -417 -150 -650 640 943 -518 -129 -399 622 -330 -860 714 439 -718 -582 -659 54 -461 648 67 931 -776 -993 471 59 237 -162 76 906 173 804 165 863 134 -43 896 -365 -594 -617 -711 220 560 175 -746 -615 195 -294 -254 596 932 848 581 795 -93 315 -38 -246 -264 -146 -277 -599 -856 174 -684 985 -266 -486 85 -644 490 411 121 643 -441 858 221 658 922 989 -323 -295 -389 349 -204 -404 344 -87
-491 512 -721 -200 464 599 367 712 383 -818 97 -238 958 -807 726 -345 -452 -349 176 -505 -346 -67 -441 708 316 813 -224 -302 -813 -110 -96 -168 -11 172 735 -861 295 -422 845 740 22 -391 -837 896 -177 819 -447 871 690 -443 -455 838 -464 -635 848 869 197 -419 368 -963 844 -111 313 -785 -438 794 -59 -89 353 421 830 721 592 400 259 894 836 481 148 -907 -901 -253 -981 -576 -60 -300 675 -430 -521 -684 -845 560 -562 -493 529 597 758 -142 250 -867 -160 133 -472 -920 -53 178 436 -630 83 -802 699 -412 -383 -997 -213 198 227 951 272 -618 234 -297 -526 796 477 -97 -690 764 603 475 782 -303 -610 716 967 -922 -748 747 -6 718 454 895 159 -654 -283 -952 -488 -817 279 539 -725 177 260 912 -28 -680 -794 -420 -793 290 17 466 -670 397 499 395 765 -42 -428 639 423 -941 -752 -503 -847 412 27 -832 -5 621 -49 -985 -575 -705 362 508 704 681 248 -537 -734 350 390 334 998 208 814 -313 663 903 900 -636 -650 -596 884 -172 -522 -910 430 -426 -987 -862 -204 -217 510 -258 -679 670 28 -328 -381 64 -125 -131 -561 -772 -121 866 359 750 -560 834 -648 246 921 749 280 461 117 946 65 949 -340 -789 915 842 -459 -774 886 -21 629 -471 114 289 -229 120 -347 -510 934 933 -416 -559 70 793 216 -109 19 425 311 282 -691 -655 -517 -245 238 620 363 -626 -753 -37 -116 -809 -918 633 456 146 -502 -504 -577 669 -198 393 769 -973 115 523 -98 465 -236 261 -396 285 -594 100 -295 -552 955 445 820 882 -321 -706 -147 434 -791 -829 -445 -363 220 849 -8 837 -704 -840 985 -138 339 -126 535 165 -971 160 327 -166 381 366 388 783 -397 -439 753 -169 439 -50 -129 781 -170 784 473 -887 -751 399 595 -52 -334 467 -619 235 -66 188 224 168 -582 358 -421 -597 -206 -846 -101 -659 391 -625 345 645 -954 -885 -162 521 389 85 874 68 -43 941 485 -541 763 509 -554 -392 -804 -284 525 -271 -800 -90 -278 57 -783 -353 739 -203 860 -355 82 -191 398 -660 890 -662 -707 -456 292 221 -584 25 861 997 -738 -854 424 -233 -39 -593 -694 -260 795 121 -306 515 -545 89 301 -606 652 -855 42 877 406 -315 -57 -764 -844 458 -509 863 -407 419 -824 -926 -815 -180 -675 394 -664 11 -466 -878 518 -628 -242 491 -310 932 656 462 655 801 167 187 -158 800 664 -173 779 514 823 -434 -558 -529 637 -681 -379 -369 296 -484 562 768 -685 549 -564 -536 -444 -795 -468 -181 -440 -192 51 240
169 -377 -314 -317 -34 -933 164 287 338 684 -323 -105 359 828 376 771 787 -154 -745 349 -200 -950 -676 -345 176 -672 411 552 508 -263 -692 913 -186 642 316 -856 -752 445 -988 -859 -747 -742 -715 -444 -254 13 717 156 578 -322 660 -157 -562 -107 980 -573 -84 86 -577 119 -511 905 218 -268 -450 -962 764 -244 -611 -356 961 360 420 475 327 -516 -477 -557 608 -114 7 914 561 -817 619 -108 581 -578 132 284 -49 943 -179 -213 597 983 -645 676 -649 -539 93 -441 -89 843 -524 -417 -338 245 -408 -974 221 -878 -490 53 455 693 920 -401 252 510 496 -286 602 264 424 -310 832 742 998 -743 -393 412 591 -724 35 974 495 513 -308 -699 -469 -446 77 -329 -994 766 -126 -302 247 -73 -508 -69 536 483 579 728 -874 155 -44 -684 923 667 882 -473 -808 953 137 217 -47 -87 628 703 812 -206 528 -533 963 853 -973 -220 973 216 331 464 987 620 807 -380 485 -205 -744 -78 -350 -115 786 364 -845 -325 -234 -389 158 722 237 -592 352 66 431 -602 865 -897 -579 428 731 -761 393 623 136 805 -387 -727 -904 -2 -55 -498 726 -272 467 199 -503 -731 -963 -226 559 324 114 652 -771 -547 770 -19 423 -983 799 -172 5 -826 488 -866 532 -382 -111 945 -59 -651 -871 254 -517 183 290 -987 -804 649 749 192 -294 -721 694 -911 -435 -405 741 -621 365 714 -821 78 -889 -886 -222 -943 -640 -827 -110 -419 -644 -710 -31 436 -128 -104 271 681 -569 -929 301 334 -235 588 267 -999 -119 484 367 634 -71 -471 -436 729 -636 -614 202 -971 -208 494 -277 320 524 -863 706 184 251 -33 -927 -596 -935 103 -279 466 -619 50 -324 -521 962 449 206 -570 56 -147 907 38 21 -139 -144 -909 -689 -16 682 -372 -947 -518 734 678 238 64 -385 168 380 -464 -782 249 -912 22 -795 -217 222 -784 -957 -631 242 260 551 152 -491 329 944 -574 -593 519 658 -819 -969 817 830 309 -875 -940 -166 -867 912 743 -722 507 265 -273 -892 -313 227 -618 -686 451 107 -737 -264 801 560 583 71 636 -794 -121 546 -548 286 785 405 971 -187 100 824 127 -411 977 739 -800 856 -507 565 297 -182 969 -156 782 791 -543 808 -719 262 -26 550 354 607 236 490 675 -765 371 860 754 -777 -42 993 -732 -106 -642 305 489 275 486 622 -806 457 48 -5 473 500 531 733 -79 -921 942 74 118 -775 -433 699 -453 -872 -259 201 849 -113 627 -487 253 -572 123 954 469 110 -893 870 -609 775 -587 240 514 -928 -384 -407 293
481 -112 131 872 912 -294 218 -303 435 169 -587 694 -998 163 -255 992 115 -500 79 -616 708 597 63 -477 -869 -926 -435 495 188 -787 -899 -689 -721 -579 -130 488 641 406 -639 -347 -45 74 -304 -141 -837 -948 -672 -379 -357 276 -506 -576 523 404 434 -580 -667 -512 160 -9 -743 -431 552 -295 -526 -251 -156 -966 -759 17 326 230 -72 557 -709 961 591 -218 734 311 -739 -362 613 -356 -874 -325 -541 129 679 394 440 -789 144 -151 625 -212 -135 -460 717 -738 771 -627 449 -269 -575 -47 80 84 580 685 374 66 -981 -846 -302 820 -316 -160 -107 -102 20 671 345 -1 -340 -148 843 -839 -183 -638 72 968 -490 948 -354 -345 -443 506 -262 -504 700 -397 561 -845 -17 -149 704 -528 -652 576 -174 101 -883 525 -720 126 362 -31 -995 952 -971 117 -764 749 -63 -598 933 -769 -756 541 313 171 -871 744 -301 -34 51 524 -399 -249 -834 -138 577 -313 776 -37 229 -744 711 237 559 -824 710 -965 -385 909 -702 -271 -465 0 -60 -124 -374 836 -687 12 463 152 722 353 -933 -746 516 518 -110 -867 200 471 627 322 254 -535 538 -464 998 -100 373 -80 -393 -945 -28 -437 -711 -750 480 445 -496 867 -175 -263 -185 -404 -109 -884 460 -57 555 -226 238 -69 527 583 232 423 -658 -620 -122 -906 564 -328 500 -661 -740 159 996 359 637 -189 -308 649 798 -670 227 -984 32 -351 286 -649 -299 -371 22 -536 737 673 -12 482 895 87 -456 -360 450 -68 -245 515 -333 361 -214 893 512 348 -610 -560 928 251 -502 -923 585 393 620 -912 -7 -775 -323 249 421 429 321 -335 -188 65 -563 -680 113 670 135 -326 -946 473 772 -205 -390 590 -986 -154 -877 898 141 69 216 -866 765 553 -278 672 -26 -286 -105 -765 690 381 140 -147 -956 -582 -852 -519 821 530 573 697 533 630 -99 -857 792 124 -97 899 554 -686 653 688 -999 -604 947 -378 758 983 707 -854 -538 -657 196 467 386 935 779 -158 786 -120 731 -242 -547 -729 728 691 876 399 127 -144 243 425 -372 175 -572 -510 -267 -162 -542 -700 -930 233 -291 466 612 963 -655 -873 357 123 874 6 601 -166 -623 824 271 -972 -503 853 53 58 182 825 -79 346 170 781 428 647 803 -343 -619 34 795 -804 -101 228 86 -468 621 862 550 -763 -87 288 880 814 456 -400 177 356 -279 894 598 521 -650 -235 -751 136 25 -530 861 462 937 -487 -241 804 -454 -628 485 132 3 438 566 911 -211 -932 964 -815 646 71 663 -509 -928 -682 -281 -38 405 45
988 7 -743 339 -470 695 914 -580 413 -611 -442 111 854 96 376 983 -962 844 439 794 906 405 511 -662 578 -739 224 -458 -934 178 -712 -291 235 -675 -606 -162 -90 -339 73 -247 727 628 -979 -146 120 -205 -206 577 252 -120 -685 -865 354 263 -811 323 -202 585 85 -637 -560 -776 -68 10 738 352 -43 41 -56 -809 30 895 255 -706 327 -936 -178 -337 -461 867 165 -904 517 -79 231 356 -485 -64 559 924 865 358 -71 717 -332 387 -859 -829 -6 552 555 123 190 -839 739 658 -653 174 155 -309 -682 -33 993 -983 694 -762 736 -343 884 -12 388 852 883 51 305 -581 -546 -313 782 -225 47 -81 874 335 -715 -304 196 -940 107 996 687 613 55 -372 -330 507 -23 218 351 -319 -792 -389 -89 930 963 -181 -401 -391 -459 -631 531 799 -282 611 61 -669 443 775 83 -781 -585 942 -867 -482 497 -235 21 49 78 245 493 496 833 -325 709 -680 847 551 813 -721 -255 336 807 612 -740 -300 -104 309 972 -657 -799 98 213 -97 -532 -741 688 -7 -371 753 -457 892 -651 -746 505 -70 598 962 -294 957 332 458 362 -139 -270 773 -316 250 -993 781 -660 -383 -511 -449 226 -369 -884 291 639 568 -3 46 300 -233 629 713 -292 185 -287 -558 281 -248 -908 288 479 -20 885 -528 374 -491 826 920 637 150 -594 649 -17 -37 -953 -882 -973 -822 499 372 878 186 122 953 -701 -323 -943 -888 702 -25 650 -24 -490 -625 461 646 -981 -75 -88 -915 27 -644 -647 79 -400 409 825 -950 -988 -985 -947 -406 -210 293 427 -112 -331 -226 -556 912 160 343 474 770 976 244 477 877 -689 -525 -767 -738 127 76 869 -476 -390 527 528 117 -871 677 -11 567 67 809 617 199 961 -166 529 848 -938 0 728 619 158 655 -678 -980 -847 -894 926 12 -901 -310 426 -707 -370 526 -397 -549 -147 -583 -437 -315 922 -13 985 -603 500 851 169 653 182 53 355 -551 -834 -29 -213 -590 -201 -732 959 -348 -720 324 -729 954 -473 -676 -824 421 482 -329 -616 108 -874 -731 194 680 -640 -912 315 -8 -333 -276 -806 699 125 -868 329 -435 -241 418 827 -856 287 -45 -271 780 424 94 -157 276 375 674 757 97 -503 207 440 344 751 114 -131 -356 931 -212 -487 -777 524 670 808 802 -402 9 -959 34 266 715 -778 -117 183 -752 -705 -404 275 -646 -355 -161 -541 134 284 217 -184 -127 -452 -190 -196 -667 -506 -382 -765 816 100 -98 208 803 909 575 -301 -958 819 -393 817 -357 -479 159 -850 925 1 221 483 200
[RUN #25 4 5]
192 -725 910 -265
-483 -603 951 582
820 -813 301 490
198 -504 938 382
-40 252 795 -496
